Flow report for MemoryControllerInterface
Sun Dec 14 13:04:11 2014
Quartus II 64-Bit Version 13.0.1 Build 232 06/12/2013 Service Pack 1 SJ Web Edition


---------------------
; Table of Contents ;
---------------------
  1. Legal Notice
  2. Flow Summary
  3. Flow Settings
  4. Flow Non-Default Global Settings
  5. Flow Elapsed Time
  6. Flow OS Summary
  7. Flow Log
  8. Flow Messages
  9. Flow Suppressed Messages



----------------
; Legal Notice ;
----------------
Copyright (C) 1991-2013 Altera Corporation
Your use of Altera Corporation's design tools, logic functions 
and other software and tools, and its AMPP partner logic 
functions, and any output files from any of the foregoing 
(including device programming or simulation files), and any 
associated documentation or information are expressly subject 
to the terms and conditions of the Altera Program License 
Subscription Agreement, Altera MegaCore Function License 
Agreement, or other applicable license agreement, including, 
without limitation, that your use is for the sole purpose of 
programming logic devices manufactured by Altera and sold by 
Altera or its authorized distributors.  Please refer to the 
applicable agreement for further details.



+--------------------------------------------------------------------------------------+
; Flow Summary                                                                         ;
+------------------------------------+-------------------------------------------------+
; Flow Status                        ; Successful - Sun Dec 14 13:03:54 2014           ;
; Quartus II 64-Bit Version          ; 13.0.1 Build 232 06/12/2013 SP 1 SJ Web Edition ;
; Revision Name                      ; MemoryControllerInterface                       ;
; Top-level Entity Name              ; de2_115_shell                                   ;
; Family                             ; Cyclone IV E                                    ;
; Device                             ; EP4CE115F29C7                                   ;
; Timing Models                      ; Final                                           ;
; Total logic elements               ; 5,437 / 114,480 ( 5 % )                         ;
;     Total combinational functions  ; 5,019 / 114,480 ( 4 % )                         ;
;     Dedicated logic registers      ; 1,938 / 114,480 ( 2 % )                         ;
; Total registers                    ; 1938                                            ;
; Total pins                         ; 154 / 529 ( 29 % )                              ;
; Total virtual pins                 ; 0                                               ;
; Total memory bits                  ; 524,544 / 3,981,312 ( 13 % )                    ;
; Embedded Multiplier 9-bit elements ; 0 / 532 ( 0 % )                                 ;
; Total PLLs                         ; 1 / 4 ( 25 % )                                  ;
+------------------------------------+-------------------------------------------------+


+-----------------------------------------------+
; Flow Settings                                 ;
+-------------------+---------------------------+
; Option            ; Setting                   ;
+-------------------+---------------------------+
; Start date & time ; 12/14/2014 13:01:06       ;
; Main task         ; Compilation               ;
; Revision Name     ; MemoryControllerInterface ;
+-------------------+---------------------------+


+------------------------------------------------------------------------------------------------------------------------------------------------+
; Flow Non-Default Global Settings                                                                                                               ;
+-------------------------------------+---------------------------------------+---------------------------+---------------+----------------------+
; Assignment Name                     ; Value                                 ; Default Value             ; Entity Name   ; Section Id           ;
+-------------------------------------+---------------------------------------+---------------------------+---------------+----------------------+
; COMPILER_SIGNATURE_ID               ; 52230658106.141858006603900           ; --                        ; --            ; --                   ;
; EDA_DESIGN_ENTRY_SYNTHESIS_TOOL     ; Design Compiler FPGA                  ; <None>                    ; mycpu.vhd     ; --                   ;
; EDA_INPUT_DATA_FORMAT               ; Edif                                  ; --                        ; mycpu.vhd     ; eda_design_synthesis ;
; EDA_INPUT_GND_NAME                  ; Gnd                                   ; --                        ; mycpu.vhd     ; eda_design_synthesis ;
; EDA_INPUT_VCC_NAME                  ; Vdd                                   ; --                        ; mycpu.vhd     ; eda_design_synthesis ;
; EDA_LMF_FILE                        ; dc_fpga.lmf                           ; --                        ; mycpu.vhd     ; eda_design_synthesis ;
; EDA_RUN_TOOL_AUTOMATICALLY          ; Off                                   ; --                        ; mycpu.vhd     ; eda_design_synthesis ;
; EDA_SHOW_LMF_MAPPING_MESSAGES       ; Off                                   ; --                        ; mycpu.vhd     ; eda_design_synthesis ;
; FITTER_EFFORT                       ; Standard Fit                          ; Auto Fit                  ; --            ; --                   ;
; MAX_CORE_JUNCTION_TEMP              ; 85                                    ; --                        ; --            ; --                   ;
; MIN_CORE_JUNCTION_TEMP              ; 0                                     ; --                        ; --            ; --                   ;
; PARTITION_COLOR                     ; 16764057                              ; --                        ; de2_115_shell ; Top                  ;
; PARTITION_FITTER_PRESERVATION_LEVEL ; PLACEMENT_AND_ROUTING                 ; --                        ; de2_115_shell ; Top                  ;
; PARTITION_NETLIST_TYPE              ; SOURCE                                ; --                        ; de2_115_shell ; Top                  ;
; POWER_BOARD_THERMAL_MODEL           ; None (CONSERVATIVE)                   ; --                        ; --            ; --                   ;
; POWER_PRESET_COOLING_SOLUTION       ; 23 MM HEAT SINK WITH 200 LFPM AIRFLOW ; --                        ; --            ; --                   ;
; PROJECT_OUTPUT_DIRECTORY            ; output_files                          ; --                        ; --            ; --                   ;
; TOP_LEVEL_ENTITY                    ; de2_115_shell                         ; MemoryControllerInterface ; --            ; --                   ;
; VHDL_INPUT_VERSION                  ; VHDL_2008                             ; VHDL_1993                 ; --            ; --                   ;
; VHDL_SHOW_LMF_MAPPING_MESSAGES      ; Off                                   ; --                        ; --            ; --                   ;
+-------------------------------------+---------------------------------------+---------------------------+---------------+----------------------+


+-------------------------------------------------------------------------------------------------------------------------------+
; Flow Elapsed Time                                                                                                             ;
+---------------------------+--------------+-------------------------+---------------------+------------------------------------+
; Module Name               ; Elapsed Time ; Average Processors Used ; Peak Virtual Memory ; Total CPU Time (on all processors) ;
+---------------------------+--------------+-------------------------+---------------------+------------------------------------+
; Analysis & Synthesis      ; 00:00:39     ; 1.0                     ; 566 MB              ; 00:00:32                           ;
; Fitter                    ; 00:01:46     ; 1.0                     ; 938 MB              ; 00:01:35                           ;
; Assembler                 ; 00:00:11     ; 1.0                     ; 453 MB              ; 00:00:09                           ;
; TimeQuest Timing Analyzer ; 00:00:16     ; 1.0                     ; 597 MB              ; 00:00:10                           ;
; Total                     ; 00:02:52     ; --                      ; --                  ; 00:02:26                           ;
+---------------------------+--------------+-------------------------+---------------------+------------------------------------+


+----------------------------------------------------------------------------------------+
; Flow OS Summary                                                                        ;
+---------------------------+------------------+-----------+------------+----------------+
; Module Name               ; Machine Hostname ; OS Name   ; OS Version ; Processor type ;
+---------------------------+------------------+-----------+------------+----------------+
; Analysis & Synthesis      ; WIN-OHGHV70S48B  ; Windows 7 ; 6.2        ; x86_64         ;
; Fitter                    ; WIN-OHGHV70S48B  ; Windows 7 ; 6.2        ; x86_64         ;
; Assembler                 ; WIN-OHGHV70S48B  ; Windows 7 ; 6.2        ; x86_64         ;
; TimeQuest Timing Analyzer ; WIN-OHGHV70S48B  ; Windows 7 ; 6.2        ; x86_64         ;
+---------------------------+------------------+-----------+------------+----------------+


------------
; Flow Log ;
------------
quartus_map --read_settings_files=on --write_settings_files=off MemoryControllerInterface -c MemoryControllerInterface
quartus_fit --read_settings_files=off --write_settings_files=off MemoryControllerInterface -c MemoryControllerInterface
quartus_asm --read_settings_files=off --write_settings_files=off MemoryControllerInterface -c MemoryControllerInterface
quartus_sta MemoryControllerInterface -c MemoryControllerInterface



